<?xml version="1.0" encoding="UTF-8"?>
<testsuite xmlns:xsi="http://www.w3.org/2001/XMLSchema-instance" xsi:noNamespaceSchemaLocation="https://maven.apache.org/surefire/maven-surefire-plugin/xsd/surefire-test-report.xsd" name="com.itcast.reggie.test.Test1" time="4.728" tests="2" errors="0" skipped="0" failures="0">
  <properties>
[...]
</properties>
  <testcase name="testGetById" classname="com.itcast.reggie.test.Test1" time="1.301"/>
  <testcase name="test1" classname="com.itcast.reggie.test.Test1" time="0.052"/>
</testsuite>